c:\users\мария\documents\spbpu\fightclub\sc_gpu\sc_gpu\debug\vc120.pdb
c:\users\мария\documents\spbpu\fightclub\sc_gpu\sc_gpu\debug\vc120.idb
c:\users\мария\documents\spbpu\fightclub\sc_gpu\sc_gpu\debug\main.obj
c:\users\мария\documents\spbpu\fightclub\sc_gpu\sc_gpu\debug\encoder.obj
c:\users\мария\documents\spbpu\fightclub\sc_gpu\sc_gpu\debug\meancount.obj
c:\users\мария\documents\spbpu\fightclub\sc_gpu\sc_gpu\debug\noise.obj
c:\users\мария\documents\spbpu\fightclub\sc_gpu\sc_gpu\debug\scdecoder.obj
c:\users\мария\documents\spbpu\fightclub\sc_gpu\sc_gpu\debug\ctransformation.obj
c:\users\мария\documents\spbpu\fightclub\sc_gpu\sc_gpu\debug\decoder.obj
c:\users\мария\documents\spbpu\fightclub\sc_gpu\debug\sc_gpu.pdb
c:\users\мария\documents\spbpu\fightclub\sc_gpu\sc_gpu\debug\sc_gpu.tlog\cl.command.1.tlog
c:\users\мария\documents\spbpu\fightclub\sc_gpu\sc_gpu\debug\sc_gpu.tlog\cl.read.1.tlog
c:\users\мария\documents\spbpu\fightclub\sc_gpu\sc_gpu\debug\sc_gpu.tlog\cl.write.1.tlog
c:\users\мария\documents\spbpu\fightclub\sc_gpu\sc_gpu\debug\sc_gpu.tlog\link-cvtres.read.1.tlog
c:\users\мария\documents\spbpu\fightclub\sc_gpu\sc_gpu\debug\sc_gpu.tlog\link-cvtres.write.1.tlog
c:\users\мария\documents\spbpu\fightclub\sc_gpu\sc_gpu\debug\sc_gpu.tlog\link-rc.read.1.tlog
c:\users\мария\documents\spbpu\fightclub\sc_gpu\sc_gpu\debug\sc_gpu.tlog\link-rc.write.1.tlog
c:\users\мария\documents\spbpu\fightclub\sc_gpu\sc_gpu\debug\sc_gpu.tlog\link.5276-cvtres.read.1.tlog
c:\users\мария\documents\spbpu\fightclub\sc_gpu\sc_gpu\debug\sc_gpu.tlog\link.5276-cvtres.write.1.tlog
c:\users\мария\documents\spbpu\fightclub\sc_gpu\sc_gpu\debug\sc_gpu.tlog\link.5276-rc.read.1.tlog
c:\users\мария\documents\spbpu\fightclub\sc_gpu\sc_gpu\debug\sc_gpu.tlog\link.5276-rc.write.1.tlog
c:\users\мария\documents\spbpu\fightclub\sc_gpu\sc_gpu\debug\sc_gpu.tlog\link.5276.read.1.tlog
c:\users\мария\documents\spbpu\fightclub\sc_gpu\sc_gpu\debug\sc_gpu.tlog\link.5276.write.1.tlog
c:\users\мария\documents\spbpu\fightclub\sc_gpu\sc_gpu\debug\sc_gpu.tlog\link.command.1.tlog
c:\users\мария\documents\spbpu\fightclub\sc_gpu\sc_gpu\debug\sc_gpu.tlog\link.read.1.tlog
c:\users\мария\documents\spbpu\fightclub\sc_gpu\sc_gpu\debug\sc_gpu.tlog\link.write.1.tlog
